<?xml version="1.0" encoding="UTF-8"?>
<coverage generated="1717616625375" clover="3.2.0">
  <project timestamp="1717616625375" name="All files">
    <metrics statements="3" coveredstatements="3" conditionals="0" coveredconditionals="0" methods="3" coveredmethods="2" elements="6" coveredelements="5" complexity="0" loc="3" ncloc="3" packages="1" files="1" classes="1"/>
    <file name="index.js" path="/Users/tiago/Desktop/desenvolve-boticario/nodeJS-testes-unitarios-e-integracao/index.js">
      <metrics statements="3" coveredstatements="3" conditionals="0" coveredconditionals="0" methods="3" coveredmethods="2"/>
      <line num="3" count="1" type="stmt"/>
      <line num="5" count="1" type="stmt"/>
      <line num="7" count="1" type="stmt"/>
    </file>
  </project>
</coverage>
