{"/Users/tiago/Desktop/desenvolve-boticario/nodeJS-testes-unitarios-e-integracao/index.js": {"path":"/Users/tiago/Desktop/desenvolve-boticario/nodeJS-testes-unitarios-e-integracao/index.js","statementMap":{"0":{"start":{"line":3,"column":24},"end":{"line":3,"column":76}},"1":{"start":{"line":3,"column":52},"end":{"line":3,"column":76}},"2":{"start":{"line":5,"column":25},"end":{"line":5,"column":65}},"3":{"start":{"line":5,"column":47},"end":{"line":5,"column":65}},"4":{"start":{"line":7,"column":27},"end":{"line":7,"column":79}},"5":{"start":{"line":7,"column":51},"end":{"line":7,"column":79}}},"fnMap":{"0":{"name":"(anonymous_0)","decl":{"start":{"line":3,"column":24},"end":{"line":3,"column":25}},"loc":{"start":{"line":3,"column":52},"end":{"line":3,"column":76}},"line":3},"1":{"name":"(anonymous_1)","decl":{"start":{"line":5,"column":25},"end":{"line":5,"column":26}},"loc":{"start":{"line":5,"column":47},"end":{"line":5,"column":65}},"line":5},"2":{"name":"(anonymous_2)","decl":{"start":{"line":7,"column":27},"end":{"line":7,"column":28}},"loc":{"start":{"line":7,"column":51},"end":{"line":7,"column":79}},"line":7}},"branchMap":{},"s":{"0":1,"1":1,"2":1,"3":1,"4":1,"5":0},"f":{"0":1,"1":1,"2":0},"b":{},"_coverageSchema":"1a1c01bbd47fc00a2c39e90264f33305004495a9","hash":"da1c638b82194f9b4d6e7a9215dfcf7417a32ba0"}
}
